<?xml version="1.0" encoding="UTF-8"?>
<!-- Generated by org.testng.reporters.JUnitXMLReporter -->
<testsuite ignored="0" hostname="Ramanathans-MacBook-Pro-2.local" failures="1" tests="1" name="Base" time="10.712" errors="0" timestamp="2025-02-17T20:47:27 PST">
  <testcase classname="Amtrak.site_Automation.Testcase1" name="getTitle" time="0.016">
    <failure type="java.lang.NullPointerException" message="Cannot invoke &amp;quot;Amtrak.site_Automation.LandingPage.closePopUp()&amp;quot; because &amp;quot;this.lp&amp;quot; is null">
      <![CDATA[java.lang.NullPointerException: Cannot invoke "Amtrak.site_Automation.LandingPage.closePopUp()" because "this.lp" is null
at Amtrak.site_Automation.Testcase1.getTitle(Testcase1.java:19)
at java.base/java.util.ArrayList.forEach(ArrayList.java:1596)
... Removed 25 stack frames]]>
    </failure>
  </testcase> <!-- getTitle -->
</testsuite> <!-- Base -->
