<?xml version="1.0" encoding="UTF-8"?>
<!-- Generated by org.testng.reporters.JUnitXMLReporter -->
<testsuite ignored="0" hostname="Ramanathans-MacBook-Pro-2.local" failures="2" tests="2" name="Test" time="14.973" errors="0" timestamp="2025-02-01T19:55:08 PST">
  <testcase classname="FunctionalProject.New.BasePage" name="submitOrder" time="0.317">
    <failure type="java.lang.NullPointerException" message="Cannot invoke &amp;quot;org.openqa.selenium.WebDriver.findElements(org.openqa.selenium.By)&amp;quot; because &amp;quot;driver&amp;quot; is null">
      <![CDATA[java.lang.NullPointerException: Cannot invoke "org.openqa.selenium.WebDriver.findElements(org.openqa.selenium.By)" because "driver" is null
at org.openqa.selenium.support.ui.ExpectedConditions$8.apply(ExpectedConditions.java:221)
at org.openqa.selenium.support.ui.ExpectedConditions$8.apply(ExpectedConditions.java:218)
at org.openqa.selenium.support.ui.FluentWait.until(FluentWait.java:203)
at FunctionalProject.New.ReusuableFunctionalities.waitToAppear(ReusuableFunctionalities.java:28)
at FunctionalProject.New.ProductsPage.showListOfProducts(ProductsPage.java:41)
at FunctionalProject.New.BasePage.submitOrder(BasePage.java:49)
at java.base/java.util.ArrayList.forEach(ArrayList.java:1596)
... Removed 25 stack frames]]>
    </failure>
  </testcase> <!-- submitOrder -->
  <testcase classname="FunctionalProject.New.BasePage" name="submitOrder" time="14.953">
    <failure type="java.lang.NullPointerException" message="Cannot invoke &amp;quot;org.openqa.selenium.TakesScreenshot.getScreenshotAs(org.openqa.selenium.OutputType)&amp;quot; because &amp;quot;ts&amp;quot; is null">
      <![CDATA[java.lang.NullPointerException: Cannot invoke "org.openqa.selenium.TakesScreenshot.getScreenshotAs(org.openqa.selenium.OutputType)" because "ts" is null
at FunctionalProject.New.Browse.getScreenshot(Browse.java:136)
at FunctionalProject.New.MyListeners.onTestFailure(MyListeners.java:85)
at java.base/java.util.ArrayList.forEach(ArrayList.java:1596)
... Removed 24 stack frames]]>
    </failure>
  </testcase> <!-- submitOrder -->
</testsuite> <!-- Test -->
